c:\users\chauhung\documents\visual studio 2013\projects\bs_p3\bs_p3\debug\vc120.pdb
c:\users\chauhung\documents\visual studio 2013\projects\bs_p3\bs_p3\debug\vc120.idb
c:\users\chauhung\documents\visual studio 2013\projects\bs_p3\bs_p3\debug\process.obj
c:\users\chauhung\documents\visual studio 2013\projects\bs_p3\bs_p3\debug\simcpu.obj
c:\users\chauhung\documents\visual studio 2013\projects\bs_p3\bs_p3\debug\main.obj
c:\users\chauhung\desktop\bssose17\an_bs_p3_2\bs_p3\debug\vc120.pdb
c:\users\chauhung\desktop\bssose17\an_bs_p3_2\bs_p3\debug\vc120.idb
c:\users\chauhung\desktop\bssose17\an_bs_p3_2\bs_p3\debug\main.obj
c:\users\chauhung\desktop\bssose17\an_bs_p3_2\bs_p3\debug\page.obj
c:\users\chauhung\desktop\bssose17\an_bs_p3_2\bs_p3\debug\process.obj
c:\users\chauhung\desktop\bssose17\an_bs_p3_2\bs_p3\debug\simulatedcpu.obj
c:\users\chauhung\documents\visual studio 2013\projects\bs_p3\debug\bs_p3.ilk
c:\users\chauhung\documents\visual studio 2013\projects\bs_p3\debug\bs_p3.exe
c:\users\chauhung\documents\visual studio 2013\projects\bs_p3\debug\bs_p3.pdb
c:\users\chauhung\desktop\bssose17\an_bs_p3_2\bs_p3\debug\simcpu.obj
c:\users\chauhung\desktop\bssose17\an_bs_p3_2\debug\bs_p3.pdb
c:\users\chauhung\desktop\bssose17\an_bs_p3_2\bs_p3\debug\bs_p3.tlog\cl.command.1.tlog
c:\users\chauhung\desktop\bssose17\an_bs_p3_2\bs_p3\debug\bs_p3.tlog\cl.read.1.tlog
c:\users\chauhung\desktop\bssose17\an_bs_p3_2\bs_p3\debug\bs_p3.tlog\cl.write.1.tlog
c:\users\chauhung\desktop\bssose17\an_bs_p3_2\bs_p3\debug\bs_p3.tlog\link-cvtres.read.1.tlog
c:\users\chauhung\desktop\bssose17\an_bs_p3_2\bs_p3\debug\bs_p3.tlog\link-cvtres.write.1.tlog
c:\users\chauhung\desktop\bssose17\an_bs_p3_2\bs_p3\debug\bs_p3.tlog\link-rc.read.1.tlog
c:\users\chauhung\desktop\bssose17\an_bs_p3_2\bs_p3\debug\bs_p3.tlog\link-rc.write.1.tlog
c:\users\chauhung\desktop\bssose17\an_bs_p3_2\bs_p3\debug\bs_p3.tlog\link.command.1.tlog
c:\users\chauhung\desktop\bssose17\an_bs_p3_2\bs_p3\debug\bs_p3.tlog\link.read.1.tlog
c:\users\chauhung\desktop\bssose17\an_bs_p3_2\bs_p3\debug\bs_p3.tlog\link.write.1.tlog
